<?xml version="1.0" encoding="UTF-8"?>
<!-- Generated by org.testng.reporters.JUnitReportReporter -->
<testsuite hostname="S0994L" failures="0" tests="1" name="Sample1_POST" time="2.243" errors="0" timestamp="2022-02-08T14:42:20 IST" skipped="0">
  <testcase classname="Sample1_POST" name="postmethodtest" time="2.243"/>
  <system-out/>
</testsuite> <!-- Sample1_POST -->
