<?xml version="1.0" encoding="UTF-8"?>
<!-- Generated by org.testng.reporters.JUnitReportReporter -->
<testsuite hostname="S0994L" failures="0" tests="1" name="TC001_InvalidAPIKey" time="2.469" errors="0" timestamp="2022-02-09T16:06:51 IST" skipped="0">
  <testcase classname="TC001_InvalidAPIKey" name="postmethodtest" time="2.469"/>
  <system-out/>
</testsuite> <!-- TC001_InvalidAPIKey -->
